C:\USERS\PRIYAM\DOCUMENTS\VISUAL STUDIO 2012\PROJECTS\ALGORITHMS\BINARYSEARCH\BINARYSEARCH\DEBUG\BINARYSEARCH.OBJ
C:\USERS\PRIYAM\DOCUMENTS\VISUAL STUDIO 2012\PROJECTS\ALGORITHMS\BINARYSEARCH\BINARYSEARCH\DEBUG\VC110.PDB
C:\USERS\PRIYAM\DOCUMENTS\VISUAL STUDIO 2012\PROJECTS\ALGORITHMS\BINARYSEARCH\DEBUG\BINARYSEARCH.ILK
C:\USERS\PRIYAM\DOCUMENTS\VISUAL STUDIO 2012\PROJECTS\ALGORITHMS\BINARYSEARCH\DEBUG\BINARYSEARCH.EXE
C:\USERS\PRIYAM\DOCUMENTS\VISUAL STUDIO 2012\PROJECTS\ALGORITHMS\BINARYSEARCH\DEBUG\BINARYSEARCH.PDB
C:\Users\PRIYAM\Documents\Visual Studio 2012\Projects\Algorithms\BinarySearch\BinarySearch\Debug\BinarySearch.obj
C:\Users\PRIYAM\Documents\Visual Studio 2012\Projects\Algorithms\BinarySearch\BinarySearch\Debug\cl.command.1.tlog
C:\Users\PRIYAM\Documents\Visual Studio 2012\Projects\Algorithms\BinarySearch\BinarySearch\Debug\CL.read.1.tlog
C:\Users\PRIYAM\Documents\Visual Studio 2012\Projects\Algorithms\BinarySearch\BinarySearch\Debug\CL.write.1.tlog
C:\Users\PRIYAM\Documents\Visual Studio 2012\Projects\Algorithms\BinarySearch\BinarySearch\Debug\link-cvtres.read.1.tlog
C:\Users\PRIYAM\Documents\Visual Studio 2012\Projects\Algorithms\BinarySearch\BinarySearch\Debug\link-cvtres.write.1.tlog
C:\Users\PRIYAM\Documents\Visual Studio 2012\Projects\Algorithms\BinarySearch\BinarySearch\Debug\link-rc.read.1.tlog
C:\Users\PRIYAM\Documents\Visual Studio 2012\Projects\Algorithms\BinarySearch\BinarySearch\Debug\link-rc.write.1.tlog
C:\Users\PRIYAM\Documents\Visual Studio 2012\Projects\Algorithms\BinarySearch\BinarySearch\Debug\link.command.1.tlog
C:\Users\PRIYAM\Documents\Visual Studio 2012\Projects\Algorithms\BinarySearch\BinarySearch\Debug\link.read.1.tlog
C:\Users\PRIYAM\Documents\Visual Studio 2012\Projects\Algorithms\BinarySearch\BinarySearch\Debug\link.write.1.tlog
C:\Users\PRIYAM\Documents\Visual Studio 2012\Projects\Algorithms\BinarySearch\BinarySearch\Debug\vc110.idb
C:\Users\PRIYAM\Documents\Visual Studio 2012\Projects\Algorithms\BinarySearch\BinarySearch\Debug\vc110.pdb
C:\Users\PRIYAM\Documents\Visual Studio 2012\Projects\Algorithms\BinarySearch\Debug\BinarySearch.pdb
C:\Users\PRIYAM\Documents\Visual Studio 2012\Projects\Algorithms\BinarySearch\Debug\BinarySearch.exe
C:\Users\PRIYAM\Documents\Visual Studio 2012\Projects\Algorithms\BinarySearch\Debug\BinarySearch.ilk
